13:40:52 [ERROR] 프로그램에서 오류 발생!
13:40:52 [ERROR] 다른 함수 호출 전
13:40:52 [ERROR] 테스트 함수에서 오류 발생!
13:40:52 [WARN] warning
